<?xml version="1.0" encoding="UTF-8"?>
<!-- Generated by org.testng.reporters.JUnitReportReporter -->
<testsuite hostname="MYTSL01253" name="testcases.AddProductToCart" tests="1" failures="0" timestamp="29 Jan 2022 23:18:41 GMT" time="57.951" errors="0">
  <testcase name="RegressionTest" time="57.951" classname="testcases.AddProductToCart"/>
</testsuite> <!-- testcases.AddProductToCart -->
