<?xml version="1.0" encoding="UTF-8"?>
<!-- Generated by org.testng.reporters.JUnitReportReporter -->
<testsuite hostname="MYTSL01253" name="testcases.AddProductToCart_fahrrad" tests="1" failures="0" timestamp="30 Jan 2022 15:07:57 GMT" time="51.242" errors="0">
  <testcase name="RegressionTest" time="51.242" classname="testcases.AddProductToCart_fahrrad"/>
</testsuite> <!-- testcases.AddProductToCart_fahrrad -->
