<?xml version="1.0" encoding="UTF-8"?>
<!-- Generated by org.testng.reporters.JUnitReportReporter -->
<testsuite hostname="MYTSL00422" failures="0" tests="1" name="testcases.Survey" time="115.734" errors="0" timestamp="2 Feb 2022 23:42:19 GMT">
  <testcase classname="testcases.Survey" name="RegressionTest" time="115.734"/>
</testsuite> <!-- testcases.Survey -->
